TN:
SF:src\data\constants.ts
FN:1,(empty-report)
FNF:1
FNH:0
FNDA:0,(empty-report)
DA:1,0
DA:5,0
DA:16,0
DA:17,0
DA:18,0
DA:19,0
DA:20,0
DA:26,0
DA:27,0
DA:28,0
DA:29,0
DA:30,0
DA:31,0
DA:37,0
DA:42,0
DA:43,0
DA:44,0
DA:45,0
DA:46,0
DA:47,0
DA:48,0
DA:49,0
DA:50,0
DA:51,0
DA:52,0
DA:53,0
DA:58,0
DA:59,0
DA:60,0
DA:61,0
DA:62,0
DA:63,0
DA:68,0
DA:69,0
DA:70,0
DA:71,0
DA:72,0
DA:73,0
DA:78,0
DA:79,0
DA:80,0
DA:81,0
DA:82,0
DA:83,0
DA:84,0
DA:85,0
DA:86,0
DA:87,0
DA:88,0
DA:89,0
DA:90,0
DA:91,0
DA:92,0
DA:93,0
DA:94,0
DA:95,0
DA:96,0
DA:97,0
DA:98,0
DA:99,0
DA:100,0
DA:101,0
DA:102,0
DA:103,0
DA:104,0
DA:109,0
DA:110,0
DA:111,0
DA:112,0
DA:113,0
DA:114,0
DA:115,0
DA:120,0
DA:121,0
DA:122,0
DA:123,0
DA:124,0
DA:125,0
DA:130,0
DA:131,0
DA:132,0
DA:133,0
DA:134,0
DA:135,0
DA:136,0
DA:141,0
DA:142,0
DA:143,0
DA:144,0
DA:145,0
DA:146,0
DA:147,0
DA:148,0
DA:149,0
DA:150,0
DA:151,0
DA:152,0
DA:153,0
DA:154,0
DA:155,0
DA:156,0
DA:157,0
DA:158,0
DA:159,0
DA:160,0
DA:161,0
DA:162,0
DA:167,0
DA:168,0
DA:169,0
DA:170,0
DA:171,0
DA:172,0
DA:173,0
DA:174,0
DA:179,0
DA:180,0
DA:181,0
DA:182,0
DA:183,0
DA:188,0
DA:189,0
DA:190,0
DA:191,0
DA:192,0
DA:193,0
DA:194,0
DA:195,0
LF:128
LH:0
BRDA:1,0,0,0
BRF:1
BRH:0
end_of_record
TN:
SF:src\data\cards\index.ts
FNF:0
FNH:0
DA:5,1
LF:1
LH:1
BRF:0
BRH:0
end_of_record
TN:
SF:src\data\cards\mvp-cards.ts
FN:353,getCardById
FN:362,getCardsByElement
FN:371,getCardsByEffectType
FN:381,createCardInstance
FN:411,buildDeck
FN:428,shuffleArray
FN:441,buildShuffledDeck
FN:449,getAllCards
FNF:8
FNH:7
FNDA:13,getCardById
FNDA:3,getCardsByElement
FNDA:2,getCardsByEffectType
FNDA:4725,createCardInstance
FNDA:118,buildDeck
FNDA:117,shuffleArray
FNDA:112,buildShuffledDeck
FNDA:0,getAllCards
DA:1,1
DA:6,1
DA:21,1
DA:22,1
DA:23,1
DA:24,1
DA:25,1
DA:26,1
DA:27,1
DA:28,1
DA:29,1
DA:30,1
DA:31,1
DA:32,1
DA:33,1
DA:34,1
DA:35,1
DA:36,1
DA:37,1
DA:38,1
DA:39,1
DA:40,1
DA:41,1
DA:42,1
DA:43,1
DA:44,1
DA:45,1
DA:46,1
DA:47,1
DA:48,1
DA:49,1
DA:50,1
DA:51,1
DA:52,1
DA:53,1
DA:54,1
DA:55,1
DA:56,1
DA:57,1
DA:58,1
DA:59,1
DA:60,1
DA:61,1
DA:62,1
DA:63,1
DA:64,1
DA:65,1
DA:66,1
DA:67,1
DA:68,1
DA:69,1
DA:70,1
DA:71,1
DA:72,1
DA:73,1
DA:74,1
DA:75,1
DA:76,1
DA:77,1
DA:78,1
DA:84,1
DA:85,1
DA:86,1
DA:87,1
DA:88,1
DA:89,1
DA:90,1
DA:91,1
DA:92,1
DA:93,1
DA:94,1
DA:95,1
DA:96,1
DA:97,1
DA:98,1
DA:99,1
DA:100,1
DA:101,1
DA:102,1
DA:103,1
DA:104,1
DA:105,1
DA:106,1
DA:107,1
DA:108,1
DA:109,1
DA:110,1
DA:111,1
DA:112,1
DA:113,1
DA:114,1
DA:115,1
DA:116,1
DA:117,1
DA:118,1
DA:119,1
DA:120,1
DA:121,1
DA:122,1
DA:123,1
DA:124,1
DA:125,1
DA:126,1
DA:127,1
DA:128,1
DA:129,1
DA:130,1
DA:131,1
DA:132,1
DA:133,1
DA:134,1
DA:135,1
DA:136,1
DA:137,1
DA:138,1
DA:139,1
DA:140,1
DA:146,1
DA:147,1
DA:148,1
DA:149,1
DA:150,1
DA:151,1
DA:152,1
DA:153,1
DA:154,1
DA:155,1
DA:156,1
DA:157,1
DA:158,1
DA:159,1
DA:160,1
DA:161,1
DA:162,1
DA:163,1
DA:164,1
DA:165,1
DA:166,1
DA:167,1
DA:168,1
DA:169,1
DA:170,1
DA:171,1
DA:172,1
DA:173,1
DA:174,1
DA:175,1
DA:176,1
DA:177,1
DA:178,1
DA:179,1
DA:180,1
DA:181,1
DA:182,1
DA:183,1
DA:184,1
DA:185,1
DA:186,1
DA:187,1
DA:188,1
DA:189,1
DA:190,1
DA:191,1
DA:192,1
DA:193,1
DA:194,1
DA:195,1
DA:196,1
DA:197,1
DA:198,1
DA:199,1
DA:200,1
DA:201,1
DA:207,1
DA:208,1
DA:209,1
DA:210,1
DA:211,1
DA:212,1
DA:213,1
DA:214,1
DA:215,1
DA:216,1
DA:217,1
DA:218,1
DA:219,1
DA:220,1
DA:221,1
DA:222,1
DA:223,1
DA:224,1
DA:225,1
DA:226,1
DA:227,1
DA:228,1
DA:229,1
DA:230,1
DA:231,1
DA:232,1
DA:233,1
DA:234,1
DA:235,1
DA:236,1
DA:237,1
DA:238,1
DA:239,1
DA:240,1
DA:241,1
DA:242,1
DA:243,1
DA:244,1
DA:245,1
DA:246,1
DA:247,1
DA:248,1
DA:249,1
DA:250,1
DA:251,1
DA:252,1
DA:253,1
DA:254,1
DA:255,1
DA:256,1
DA:257,1
DA:258,1
DA:259,1
DA:260,1
DA:261,1
DA:262,1
DA:263,1
DA:269,1
DA:270,1
DA:271,1
DA:272,1
DA:273,1
DA:274,1
DA:275,1
DA:276,1
DA:277,1
DA:278,1
DA:279,1
DA:280,1
DA:281,1
DA:282,1
DA:283,1
DA:284,1
DA:285,1
DA:286,1
DA:287,1
DA:288,1
DA:289,1
DA:290,1
DA:291,1
DA:292,1
DA:293,1
DA:294,1
DA:295,1
DA:296,1
DA:297,1
DA:298,1
DA:299,1
DA:300,1
DA:301,1
DA:302,1
DA:303,1
DA:304,1
DA:305,1
DA:306,1
DA:307,1
DA:308,1
DA:309,1
DA:310,1
DA:311,1
DA:312,1
DA:313,1
DA:314,1
DA:315,1
DA:316,1
DA:317,1
DA:318,1
DA:319,1
DA:320,1
DA:321,1
DA:322,1
DA:323,1
DA:324,1
DA:325,1
DA:326,1
DA:327,1
DA:336,1
DA:337,1
DA:338,1
DA:339,1
DA:340,1
DA:341,1
DA:342,1
DA:353,1
DA:354,13
DA:355,13
DA:362,1
DA:363,3
DA:364,3
DA:371,1
DA:372,2
DA:373,2
DA:381,1
DA:382,4725
DA:383,4725
DA:384,4725
DA:385,4725
DA:386,4725
DA:387,4725
DA:388,4725
DA:389,4725
DA:390,4725
DA:391,4725
DA:392,4725
DA:393,4725
DA:394,4725
DA:395,4725
DA:396,4725
DA:397,4725
DA:398,4725
DA:399,4725
DA:400,4725
DA:401,4725
DA:402,4725
DA:403,4725
DA:404,4725
DA:405,4725
DA:411,1
DA:412,118
DA:414,118
DA:416,2360
DA:417,2360
DA:418,2360
DA:420,118
DA:421,118
DA:428,1
DA:429,117
DA:430,117
DA:431,4385
DA:432,4385
DA:433,4385
DA:434,117
DA:435,117
DA:441,1
DA:442,112
DA:443,112
DA:449,1
DA:450,0
DA:451,0
LF:352
LH:350
BRDA:353,0,0,13
BRDA:354,1,0,117
BRDA:362,2,0,3
BRDA:363,3,0,60
BRDA:371,4,0,2
BRDA:372,5,0,40
BRDA:381,6,0,4725
BRDA:411,7,0,118
BRDA:414,8,0,2360
BRDA:428,9,0,117
BRDA:430,10,0,4385
BRDA:441,11,0,112
BRF:12
BRH:12
end_of_record
TN:
SF:src\lib\effect-system.ts
FN:24,processOnTameEffect
FN:68,processPermanentEffect
FN:101,calculateScoringEffect
FN:131,processGainStones
FN:146,processDrawFromDiscard
FN:178,calculateScorePerElement
FN:199,calculateScorePerDragon
FN:219,calculatePlayerScore
FN:242,calculateScoreBreakdown
FN:273,calculateEffectiveStoneLimit
FN:300,hasEffect
FN:309,hasScoringEffect
FN:318,hasOnTameEffect
FN:327,hasPermanentEffect
FN:337,getEffectDescription
FN:354,getEffectTypeName
FN:376,getEffectTriggerName
FNF:17
FNH:17
FNDA:17,processOnTameEffect
FNDA:13,processPermanentEffect
FNDA:24,calculateScoringEffect
FNDA:3,processGainStones
FNDA:3,processDrawFromDiscard
FNDA:6,calculateScorePerElement
FNDA:3,calculateScorePerDragon
FNDA:23,calculatePlayerScore
FNDA:2,calculateScoreBreakdown
FNDA:23,calculateEffectiveStoneLimit
FNDA:6,hasEffect
FNDA:5,hasScoringEffect
FNDA:5,hasOnTameEffect
FNDA:4,hasPermanentEffect
FNDA:3,getEffectDescription
FNDA:9,getEffectTypeName
FNDA:8,getEffectTriggerName
DA:1,1
DA:7,1
DA:24,1
DA:25,17
DA:26,17
DA:27,17
DA:28,17
DA:29,17
DA:30,17
DA:31,17
DA:32,17
DA:33,17
DA:34,17
DA:37,17
DA:38,11
DA:39,11
DA:41,6
DA:42,9
DA:43,3
DA:44,3
DA:45,3
DA:47,17
DA:48,3
DA:49,3
DA:50,3
DA:51,3
DA:53,17
DA:55,0
DA:56,17
DA:58,6
DA:59,6
DA:68,1
DA:69,13
DA:70,13
DA:71,13
DA:72,13
DA:73,13
DA:74,13
DA:75,13
DA:76,13
DA:78,13
DA:79,11
DA:80,11
DA:82,2
DA:83,2
DA:84,2
DA:85,2
DA:86,2
DA:88,13
DA:89,0
DA:90,13
DA:92,2
DA:93,2
DA:101,1
DA:102,24
DA:103,24
DA:104,24
DA:105,24
DA:106,15
DA:107,15
DA:109,9
DA:110,23
DA:111,6
DA:113,24
DA:114,3
DA:116,24
DA:117,0
DA:118,24
DA:119,24
DA:131,3
DA:132,3
DA:133,3
DA:134,3
DA:135,3
DA:136,3
DA:137,3
DA:138,3
DA:146,3
DA:147,3
DA:148,3
DA:149,3
DA:150,3
DA:152,3
DA:153,1
DA:154,1
DA:155,1
DA:156,1
DA:157,1
DA:160,2
DA:161,2
DA:163,2
DA:164,2
DA:165,2
DA:166,2
DA:167,2
DA:168,2
DA:169,2
DA:170,2
DA:178,6
DA:179,6
DA:180,6
DA:181,6
DA:182,6
DA:183,0
DA:184,0
DA:186,6
DA:187,6
DA:188,6
DA:190,6
DA:191,6
DA:199,3
DA:200,3
DA:201,3
DA:202,3
DA:203,3
DA:204,3
DA:205,3
DA:207,3
DA:208,3
DA:219,1
DA:220,23
DA:221,23
DA:222,23
DA:224,23
DA:226,12
DA:229,12
DA:231,12
DA:232,12
DA:234,23
DA:235,23
DA:242,1
DA:243,2
DA:250,2
DA:251,2
DA:252,4
DA:253,4
DA:254,4
DA:255,4
DA:256,4
DA:257,4
DA:258,4
DA:259,4
DA:260,2
DA:261,2
DA:273,1
DA:274,23
DA:275,23
DA:276,23
DA:277,23
DA:279,23
DA:280,8
DA:281,8
DA:282,4
DA:283,8
DA:284,4
DA:285,4
DA:286,8
DA:288,23
DA:289,23
DA:300,1
DA:301,6
DA:302,6
DA:309,1
DA:310,5
DA:311,5
DA:318,1
DA:319,5
DA:320,5
DA:327,1
DA:328,4
DA:329,4
DA:337,1
DA:338,3
DA:339,3
DA:340,3
DA:341,3
DA:342,1
DA:343,1
DA:345,3
DA:346,3
DA:354,1
DA:355,9
DA:356,9
DA:357,9
DA:358,9
DA:359,9
DA:360,9
DA:361,9
DA:362,9
DA:363,9
DA:364,9
DA:365,9
DA:367,9
DA:368,9
DA:376,1
DA:377,8
DA:378,8
DA:379,8
DA:380,8
DA:381,8
DA:382,8
DA:383,8
DA:384,8
DA:385,8
DA:387,8
DA:388,8
LF:206
LH:201
BRDA:24,0,0,17
BRDA:37,1,0,11
BRDA:39,2,0,9
BRDA:39,3,0,6
BRDA:42,4,0,3
BRDA:47,5,0,3
BRDA:53,6,0,0
BRDA:56,7,0,6
BRDA:68,8,0,13
BRDA:78,9,0,11
BRDA:80,10,0,2
BRDA:84,11,0,0
BRDA:88,12,0,0
BRDA:90,13,0,2
BRDA:101,14,0,24
BRDA:105,15,0,15
BRDA:107,16,0,23
BRDA:107,17,0,9
BRDA:110,18,0,6
BRDA:113,19,0,3
BRDA:116,20,0,0
BRDA:131,21,0,3
BRDA:135,22,0,0
BRDA:146,23,0,3
BRDA:150,24,0,0
BRDA:152,25,0,1
BRDA:157,26,0,2
BRDA:164,27,0,2
BRDA:178,28,0,6
BRDA:182,29,0,0
BRDA:190,30,0,0
BRDA:187,31,0,19
BRDA:199,32,0,3
BRDA:207,33,0,1
BRDA:204,34,0,10
BRDA:219,35,0,23
BRDA:224,36,0,12
BRDA:242,37,0,2
BRDA:251,38,0,4
BRDA:273,39,0,23
BRDA:279,40,0,8
BRDA:281,41,0,4
BRDA:283,42,0,4
BRDA:284,43,0,0
BRDA:300,44,0,6
BRDA:309,45,0,5
BRDA:318,46,0,5
BRDA:327,47,0,4
BRDA:337,48,0,3
BRDA:341,49,0,1
BRDA:343,50,0,2
BRDA:345,51,0,1
BRDA:345,52,0,1
BRDA:354,53,0,9
BRDA:367,54,0,6
BRDA:367,55,0,3
BRDA:376,56,0,8
BRDA:387,57,0,4
BRDA:387,58,0,4
BRF:59
BRH:50
end_of_record
TN:
SF:src\lib\game-engine.ts
FN:177,GameError
FN:193,createPlayer
FN:212,updatePlayer
FN:230,<instance_members_initializer>
FN:236,GameEngine
FN:247,initializeGame
FN:292,resetGame
FN:300,getState
FN:307,getCurrentPlayer
FN:319,startHuntingPhase
FN:362,selectMarketCard
FN:495,startActionPhase
FN:521,tameFromHand
FN:611,sellCard
FN:671,pass
FN:721,startResolutionPhase
FN:786,checkVictory
FN:847,endGame
FN:867,startNextRound
FN:904,executeAction
FN:955,getValidActions
FN:1004,canTameCard
FN:1030,canSellCard
FN:1045,onStateChange
FN:1055,onPhaseChange
FN:1065,onGameEnd
FN:1072,notifyStateChange
FN:1078,notifyPhaseChange
FN:1084,notifyGameEnd
FNF:29
FNH:25
FNDA:15,GameError
FNDA:210,createPlayer
FNDA:176,updatePlayer
FNDA:74,<instance_members_initializer>
FNDA:74,GameEngine
FNDA:105,initializeGame
FNDA:58,resetGame
FNDA:68,getState
FNDA:0,getCurrentPlayer
FNDA:4,startHuntingPhase
FNDA:74,selectMarketCard
FNDA:28,startActionPhase
FNDA:7,tameFromHand
FNDA:5,sellCard
FNDA:22,pass
FNDA:9,startResolutionPhase
FNDA:15,checkVictory
FNDA:0,endGame
FNDA:4,startNextRound
FNDA:1,executeAction
FNDA:4,getValidActions
FNDA:2,canTameCard
FNDA:0,canSellCard
FNDA:3,onStateChange
FNDA:1,onPhaseChange
FNDA:1,onGameEnd
FNDA:298,notifyStateChange
FNDA:41,notifyPhaseChange
FNDA:0,notifyGameEnd
DA:1,1
DA:7,1
DA:34,1
DA:35,1
DA:36,1
DA:37,1
DA:38,1
DA:39,1
DA:45,1
DA:47,1
DA:48,1
DA:51,1
DA:52,1
DA:53,1
DA:56,1
DA:57,1
DA:159,1
DA:160,1
DA:161,1
DA:162,1
DA:163,1
DA:164,1
DA:165,1
DA:166,1
DA:167,1
DA:168,1
DA:169,1
DA:170,1
DA:176,1
DA:177,1
DA:178,15
DA:179,15
DA:180,15
DA:181,15
DA:182,15
DA:183,15
DA:184,1
DA:193,210
DA:194,210
DA:195,210
DA:196,210
DA:197,210
DA:198,210
DA:199,210
DA:200,210
DA:201,210
DA:202,210
DA:203,210
DA:204,210
DA:205,210
DA:206,210
DA:207,210
DA:212,176
DA:213,176
DA:214,176
DA:215,176
DA:216,176
DA:217,176
DA:218,176
DA:219,176
DA:220,176
DA:230,1
DA:231,74
DA:232,74
DA:233,74
DA:234,74
DA:236,74
DA:237,74
DA:238,74
DA:247,74
DA:249,105
DA:250,105
DA:251,105
DA:252,105
DA:255,105
DA:258,105
DA:261,105
DA:264,105
DA:265,105
DA:266,105
DA:267,105
DA:268,105
DA:269,105
DA:270,105
DA:271,105
DA:272,105
DA:273,105
DA:274,105
DA:275,105
DA:276,105
DA:277,105
DA:278,105
DA:279,105
DA:280,105
DA:281,105
DA:282,105
DA:283,105
DA:285,105
DA:286,105
DA:287,105
DA:292,74
DA:293,58
DA:294,58
DA:295,58
DA:300,74
DA:301,68
DA:302,68
DA:307,74
DA:308,0
DA:309,0
DA:310,0
DA:319,74
DA:320,4
DA:321,0
DA:322,0
DA:325,4
DA:326,4
DA:327,4
DA:328,4
DA:329,4
DA:332,4
DA:333,4
DA:334,4
DA:335,4
DA:336,4
DA:338,4
DA:339,4
DA:340,4
DA:341,4
DA:342,4
DA:343,4
DA:344,4
DA:345,4
DA:346,4
DA:347,4
DA:348,4
DA:349,4
DA:350,4
DA:351,4
DA:352,4
DA:354,4
DA:355,4
DA:356,4
DA:357,4
DA:362,74
DA:363,74
DA:364,74
DA:365,74
DA:366,74
DA:367,74
DA:368,1
DA:369,1
DA:371,74
DA:372,0
DA:373,0
DA:375,74
DA:376,2
DA:377,2
DA:380,71
DA:381,74
DA:382,2
DA:383,2
DA:385,69
DA:386,69
DA:388,74
DA:390,62
DA:391,1
DA:392,1
DA:394,61
DA:395,61
DA:396,61
DA:397,61
DA:398,61
DA:400,61
DA:401,61
DA:402,61
DA:403,61
DA:404,61
DA:405,61
DA:406,61
DA:407,61
DA:408,61
DA:409,61
DA:410,61
DA:411,61
DA:412,61
DA:413,74
DA:415,7
DA:416,1
DA:417,1
DA:419,6
DA:420,7
DA:421,3
DA:422,3
DA:423,3
DA:424,3
DA:425,3
DA:427,3
DA:428,3
DA:429,3
DA:430,3
DA:431,3
DA:434,3
DA:437,3
DA:439,3
DA:440,3
DA:443,3
DA:444,3
DA:445,7
DA:446,0
DA:447,0
DA:448,0
DA:449,0
DA:450,0
DA:451,0
DA:453,3
DA:454,3
DA:455,3
DA:456,3
DA:457,3
DA:458,3
DA:459,3
DA:460,3
DA:461,3
DA:462,3
DA:463,3
DA:464,3
DA:465,3
DA:466,3
DA:467,3
DA:468,3
DA:469,3
DA:470,3
DA:473,74
DA:475,28
DA:476,74
DA:478,36
DA:479,36
DA:480,36
DA:481,36
DA:482,36
DA:484,64
DA:485,64
DA:486,74
DA:495,74
DA:496,28
DA:497,0
DA:498,0
DA:500,28
DA:501,28
DA:502,28
DA:503,28
DA:504,28
DA:505,28
DA:506,28
DA:507,28
DA:508,28
DA:509,28
DA:510,28
DA:511,28
DA:513,28
DA:514,28
DA:515,28
DA:516,28
DA:521,74
DA:522,7
DA:523,0
DA:524,0
DA:526,7
DA:527,1
DA:528,1
DA:530,7
DA:531,0
DA:532,0
DA:534,6
DA:537,6
DA:538,7
DA:539,1
DA:540,1
DA:542,5
DA:545,7
DA:546,0
DA:547,0
DA:550,5
DA:551,7
DA:552,0
DA:553,0
DA:554,0
DA:555,0
DA:556,0
DA:559,5
DA:560,5
DA:561,5
DA:562,5
DA:565,5
DA:566,5
DA:568,5
DA:569,5
DA:572,5
DA:573,5
DA:574,7
DA:575,0
DA:576,0
DA:577,0
DA:578,0
DA:579,0
DA:580,0
DA:583,5
DA:584,5
DA:585,5
DA:586,5
DA:587,5
DA:588,5
DA:590,5
DA:591,5
DA:592,5
DA:593,5
DA:594,5
DA:595,5
DA:596,5
DA:597,5
DA:598,5
DA:599,5
DA:600,7
DA:601,7
DA:602,7
DA:604,7
DA:605,7
DA:606,7
DA:611,74
DA:612,5
DA:613,0
DA:614,0
DA:616,5
DA:617,0
DA:618,0
DA:620,5
DA:621,0
DA:622,0
DA:624,5
DA:627,5
DA:628,5
DA:629,1
DA:630,1
DA:632,4
DA:635,4
DA:638,4
DA:639,4
DA:640,4
DA:641,4
DA:642,4
DA:645,4
DA:646,4
DA:647,4
DA:648,4
DA:649,4
DA:650,4
DA:652,4
DA:653,4
DA:654,4
DA:655,4
DA:656,4
DA:657,4
DA:658,4
DA:659,4
DA:660,5
DA:661,5
DA:662,5
DA:664,5
DA:665,5
DA:666,5
DA:671,74
DA:672,22
DA:673,0
DA:674,0
DA:676,22
DA:677,0
DA:678,0
DA:680,22
DA:681,1
DA:682,1
DA:684,21
DA:687,21
DA:688,21
DA:689,21
DA:690,21
DA:691,21
DA:692,21
DA:694,21
DA:695,21
DA:696,21
DA:697,21
DA:698,21
DA:699,21
DA:700,22
DA:701,22
DA:702,22
DA:705,22
DA:706,22
DA:707,9
DA:708,9
DA:710,21
DA:711,21
DA:712,22
DA:721,74
DA:722,9
DA:723,0
DA:724,0
DA:727,9
DA:728,9
DA:731,9
DA:732,9
DA:733,9
DA:734,9
DA:735,9
DA:736,9
DA:737,9
DA:738,9
DA:741,9
DA:742,9
DA:743,9
DA:744,9
DA:745,9
DA:746,9
DA:747,9
DA:748,9
DA:750,9
DA:751,9
DA:752,9
DA:753,9
DA:754,9
DA:755,9
DA:756,9
DA:757,9
DA:758,9
DA:759,9
DA:760,9
DA:761,9
DA:762,9
DA:763,9
DA:764,9
DA:765,9
DA:766,9
DA:767,9
DA:768,9
DA:769,9
DA:771,9
DA:772,9
DA:775,9
DA:776,9
DA:777,0
DA:778,0
DA:780,9
DA:781,9
DA:786,74
DA:787,15
DA:788,0
DA:789,0
DA:791,15
DA:794,15
DA:795,15
DA:797,15
DA:798,4
DA:800,3
DA:801,0
DA:802,3
DA:803,1
DA:804,3
DA:806,2
DA:807,1
DA:808,1
DA:809,0
DA:810,1
DA:811,1
DA:812,1
DA:813,2
DA:814,4
DA:815,1
DA:816,1
DA:817,1
DA:818,1
DA:819,1
DA:820,1
DA:821,4
DA:824,15
DA:825,1
DA:826,0
DA:827,1
DA:828,1
DA:829,1
DA:831,0
DA:832,0
DA:833,0
DA:834,0
DA:835,0
DA:836,0
DA:837,0
DA:838,0
DA:839,1
DA:841,10
DA:842,15
DA:847,74
DA:848,0
DA:850,0
DA:851,0
DA:852,0
DA:853,0
DA:854,0
DA:855,0
DA:856,0
DA:857,0
DA:859,0
DA:860,0
DA:861,0
DA:862,0
DA:867,74
DA:868,4
DA:869,0
DA:870,0
DA:872,4
DA:873,0
DA:874,0
DA:877,4
DA:878,4
DA:879,4
DA:880,4
DA:881,4
DA:883,4
DA:884,4
DA:885,4
DA:886,4
DA:887,4
DA:888,4
DA:889,4
DA:890,4
DA:891,4
DA:894,4
DA:895,4
DA:904,74
DA:905,1
DA:906,0
DA:907,0
DA:909,1
DA:910,1
DA:911,1
DA:913,0
DA:914,0
DA:915,0
DA:916,0
DA:917,0
DA:919,0
DA:920,0
DA:921,1
DA:922,0
DA:923,0
DA:924,0
DA:925,0
DA:926,0
DA:928,1
DA:929,0
DA:931,1
DA:932,0
DA:934,1
DA:935,0
DA:937,1
DA:938,0
DA:939,0
DA:940,0
DA:941,0
DA:943,1
DA:944,0
DA:945,1
DA:946,1
DA:955,74
DA:956,4
DA:958,3
DA:959,3
DA:961,4
DA:962,2
DA:963,2
DA:965,2
DA:966,8
DA:967,8
DA:968,2
DA:969,2
DA:970,0
DA:971,0
DA:972,2
DA:973,2
DA:975,4
DA:977,1
DA:980,1
DA:981,1
DA:982,1
DA:983,1
DA:984,1
DA:985,1
DA:986,1
DA:989,1
DA:990,1
DA:991,1
DA:992,1
DA:994,4
DA:995,0
DA:996,0
DA:998,3
DA:999,4
DA:1004,74
DA:1005,2
DA:1007,2
DA:1010,2
DA:1011,0
DA:1012,0
DA:1015,2
DA:1016,2
DA:1017,2
DA:1018,2
DA:1020,2
DA:1023,2
DA:1024,2
DA:1025,2
DA:1030,74
DA:1031,0
DA:1032,0
DA:1034,0
DA:1035,0
DA:1036,0
DA:1045,74
DA:1046,3
DA:1047,3
DA:1048,1
DA:1049,1
DA:1050,3
DA:1055,74
DA:1056,1
DA:1057,1
DA:1058,0
DA:1059,0
DA:1060,1
DA:1065,74
DA:1066,1
DA:1067,1
DA:1068,0
DA:1069,0
DA:1070,1
DA:1072,74
DA:1073,298
DA:1074,240
DA:1075,240
DA:1076,298
DA:1078,74
DA:1079,41
DA:1080,41
DA:1081,41
DA:1082,41
DA:1084,74
DA:1085,0
DA:1086,0
DA:1087,74
DA:1096,1
LF:660
LH:545
BRDA:34,0,0,4
BRDA:45,1,0,4
BRDA:159,2,0,4
BRDA:177,3,0,15
BRDA:193,4,0,210
BRDA:212,5,0,176
BRDA:230,6,0,74
BRDA:236,7,0,74
BRDA:247,8,0,105
BRDA:261,9,0,95
BRDA:261,10,0,10
BRDA:292,11,0,58
BRDA:300,12,0,68
BRDA:319,13,0,4
BRDA:320,14,0,0
BRDA:362,15,0,74
BRDA:367,16,0,1
BRDA:369,17,0,73
BRDA:371,18,0,0
BRDA:373,19,0,73
BRDA:375,20,0,2
BRDA:377,21,0,71
BRDA:381,22,0,2
BRDA:383,23,0,69
BRDA:388,24,0,62
BRDA:390,25,0,1
BRDA:392,26,0,61
BRDA:413,27,0,7
BRDA:415,28,0,1
BRDA:417,29,0,6
BRDA:420,30,0,3
BRDA:445,31,0,0
BRDA:451,32,0,3
BRDA:470,33,0,64
BRDA:473,34,0,28
BRDA:476,35,0,36
BRDA:480,36,0,0
BRDA:482,37,0,64
BRDA:380,38,0,77
BRDA:402,39,0,216
BRDA:455,40,0,12
BRDA:495,41,0,28
BRDA:496,42,0,0
BRDA:521,43,0,7
BRDA:522,44,0,0
BRDA:526,45,0,1
BRDA:528,46,0,6
BRDA:530,47,0,0
BRDA:532,48,0,6
BRDA:538,49,0,1
BRDA:540,50,0,5
BRDA:545,51,0,0
BRDA:547,52,0,5
BRDA:551,53,0,0
BRDA:556,54,0,5
BRDA:574,55,0,0
BRDA:580,56,0,5
BRDA:600,57,0,0
BRDA:537,58,0,6
BRDA:573,59,0,5
BRDA:611,60,0,5
BRDA:612,61,0,0
BRDA:616,62,0,0
BRDA:620,63,0,0
BRDA:628,64,0,1
BRDA:630,65,0,4
BRDA:660,66,0,0
BRDA:627,67,0,5
BRDA:656,68,0,4
BRDA:671,69,0,22
BRDA:672,70,0,0
BRDA:676,71,0,0
BRDA:680,72,0,1
BRDA:682,73,0,21
BRDA:700,74,0,12
BRDA:700,75,0,9
BRDA:705,76,0,20
BRDA:706,77,0,9
BRDA:708,78,0,21
BRDA:721,79,0,9
BRDA:722,80,0,0
BRDA:776,81,0,0
BRDA:786,82,0,15
BRDA:787,83,0,0
BRDA:797,84,0,11
BRDA:797,85,0,4
BRDA:798,86,0,3
BRDA:800,87,0,0
BRDA:802,88,0,1
BRDA:804,89,0,2
BRDA:806,90,0,1
BRDA:808,91,0,0
BRDA:814,92,0,1
BRDA:817,93,0,0
BRDA:821,94,0,11
BRDA:824,95,0,1
BRDA:825,96,0,0
BRDA:829,97,0,0
BRDA:839,98,0,10
BRDA:867,99,0,4
BRDA:868,100,0,0
BRDA:872,101,0,0
BRDA:904,102,0,1
BRDA:905,103,0,0
BRDA:911,104,0,0
BRDA:921,105,0,0
BRDA:928,106,0,0
BRDA:931,107,0,0
BRDA:934,108,0,0
BRDA:937,109,0,0
BRDA:943,110,0,0
BRDA:955,111,0,4
BRDA:956,112,0,1
BRDA:956,113,0,3
BRDA:961,114,0,2
BRDA:969,115,0,0
BRDA:973,116,0,3
BRDA:975,117,0,1
BRDA:992,118,0,3
BRDA:994,119,0,0
BRDA:996,120,0,3
BRDA:965,121,0,8
BRDA:967,122,0,0
BRDA:980,123,0,1
BRDA:1004,124,0,2
BRDA:1005,125,0,0
BRDA:1010,126,0,0
BRDA:1020,127,0,0
BRDA:1017,128,0,2
BRDA:1045,129,0,3
BRDA:1047,130,0,1
BRDA:1048,131,0,1
BRDA:1055,132,0,1
BRDA:1065,133,0,1
BRDA:1072,134,0,298
BRDA:1073,135,0,240
BRDA:1074,136,0,71
BRDA:1078,137,0,41
BRDA:1080,138,0,1
BRF:139
BRH:98
end_of_record
TN:
SF:src\lib\game-utils.ts
FN:34,calculateTameCost
FN:48,calculateSellValue
FN:63,canAfford
FN:78,calculateCardScore
FN:115,calculateTotalScore
FN:131,calculateStoneLimit
FN:167,validateTameAction
FN:201,validateSellAction
FN:222,validateMarketSelection
FN:249,drawCards
FN:265,refillMarket
FN:289,generateId
FN:301,determineHuntingOrder
FNF:13
FNH:13
FNDA:45,calculateTameCost
FNDA:10,calculateSellValue
FNDA:10,canAfford
FNDA:12,calculateCardScore
FNDA:3,calculateTotalScore
FNDA:4,calculateStoneLimit
FNDA:4,validateTameAction
FNDA:6,validateSellAction
FNDA:3,validateMarketSelection
FNDA:119,drawCards
FNDA:115,refillMarket
FNDA:416,generateId
FNDA:12,determineHuntingOrder
DA:1,1
DA:6,1
DA:19,1
DA:20,1
DA:21,1
DA:22,1
DA:23,1
DA:24,1
DA:25,1
DA:26,1
DA:27,1
DA:34,1
DA:36,45
DA:37,45
DA:38,45
DA:48,1
DA:49,10
DA:50,10
DA:51,10
DA:52,10
DA:53,10
DA:54,10
DA:55,10
DA:63,1
DA:64,10
DA:65,10
DA:66,10
DA:78,1
DA:79,12
DA:80,12
DA:81,12
DA:82,12
DA:84,12
DA:85,12
DA:86,4
DA:87,4
DA:88,4
DA:89,4
DA:90,4
DA:91,4
DA:92,4
DA:94,12
DA:95,2
DA:96,2
DA:97,2
DA:98,2
DA:99,2
DA:100,2
DA:102,12
DA:104,6
DA:105,12
DA:107,12
DA:108,12
DA:115,1
DA:116,3
DA:117,3
DA:118,3
DA:119,3
DA:120,3
DA:121,3
DA:122,3
DA:131,1
DA:132,4
DA:133,4
DA:134,4
DA:135,4
DA:137,4
DA:138,6
DA:139,3
DA:140,3
DA:141,6
DA:143,4
DA:144,4
DA:167,1
DA:168,4
DA:169,4
DA:170,4
DA:171,4
DA:172,4
DA:174,4
DA:175,2
DA:176,2
DA:177,2
DA:178,2
DA:179,2
DA:180,2
DA:183,2
DA:184,4
DA:185,1
DA:186,1
DA:187,1
DA:188,1
DA:189,1
DA:190,1
DA:192,1
DA:193,1
DA:201,1
DA:202,6
DA:203,6
DA:204,6
DA:205,6
DA:206,5
DA:207,5
DA:208,5
DA:209,5
DA:210,5
DA:211,5
DA:213,1
DA:214,1
DA:222,1
DA:223,3
DA:224,3
DA:225,3
DA:226,3
DA:228,3
DA:229,2
DA:230,2
DA:231,2
DA:232,2
DA:233,2
DA:234,2
DA:236,1
DA:237,1
DA:249,1
DA:250,119
DA:251,119
DA:252,119
DA:253,119
DA:254,119
DA:255,119
DA:256,119
DA:265,1
DA:266,115
DA:267,115
DA:268,115
DA:269,115
DA:270,115
DA:271,115
DA:273,115
DA:274,115
DA:275,115
DA:276,115
DA:278,115
DA:279,115
DA:289,1
DA:290,416
DA:291,416
DA:301,1
DA:302,12
DA:303,12
DA:304,12
DA:305,12
DA:306,12
DA:307,1
DA:308,12
DA:309,1
DA:310,11
DA:312,10
DA:313,10
DA:314,12
DA:323,1
DA:325,1
DA:327,1
DA:329,1
DA:331,1
DA:333,1
DA:335,1
DA:337,1
DA:339,1
DA:341,1
DA:343,1
DA:344,1
LF:172
LH:172
BRDA:34,0,0,45
BRDA:37,1,0,0
BRDA:48,2,0,10
BRDA:63,3,0,10
BRDA:78,4,0,12
BRDA:85,5,0,4
BRDA:90,6,0,0
BRDA:94,7,0,2
BRDA:98,8,0,1
BRDA:102,9,0,6
BRDA:88,10,0,12
BRDA:96,11,0,6
BRDA:115,12,0,3
BRDA:119,13,0,5
BRDA:131,14,0,4
BRDA:137,15,0,6
BRDA:138,16,0,3
BRDA:139,17,0,0
BRDA:167,18,0,4
BRDA:174,19,0,2
BRDA:184,20,0,1
BRDA:201,21,0,6
BRDA:205,22,0,5
BRDA:211,23,0,1
BRDA:222,24,0,3
BRDA:228,25,0,2
BRDA:234,26,0,1
BRDA:226,27,0,5
BRDA:249,28,0,119
BRDA:265,29,0,115
BRDA:274,30,0,14
BRDA:275,31,0,444
BRDA:289,32,0,416
BRDA:301,33,0,12
BRDA:306,34,0,1
BRDA:308,35,0,11
BRDA:308,36,0,1
BRDA:310,37,0,10
BRDA:312,38,0,5
BRDA:312,39,0,5
BRF:40
BRH:37
end_of_record
TN:
SF:src\stores\index.ts
FN:1,(empty-report)
FNF:1
FNH:1
FNDA:1,(empty-report)
DA:5,0
LF:1
LH:0
BRDA:1,0,0,1
BRF:1
BRH:1
end_of_record
TN:
SF:src\stores\useGameStore.ts
FN:120,initGame
FN:131,resetGame
FN:137,takeMarketCard
FN:149,tameMarketCard
FN:162,tameFromHand
FN:174,sellCard
FN:186,pass
FN:199,endPhase
FN:213,nextRound
FN:226,getCurrentPlayer
FN:232,getOpponent
FN:239,getValidActions
FN:243,canTameCard
FN:247,canSellCard
FN:251,isMyTurn
FN:258,setLoading
FN:262,setError
FN:266,syncState
FN:273,setLocalPlayerIndex
FN:289,selectPhase
FN:295,selectRound
FN:301,selectMarket
FN:307,selectPlayer
FN:313,selectLocalPlayer
FN:319,selectOpponentPlayer
FN:328,selectIsGameOver
FN:334,selectWinner
FN:340,selectEndReason
FN:346,selectIsLocalPlayerTurn
FN:354,selectDiscardPile
FN:360,selectDeckSize
FN:370,useGamePhase
FN:377,useRound
FN:384,useMarket
FN:391,useLocalPlayer
FN:398,useOpponent
FN:405,useIsMyTurn
FN:412,useGameOver
FNF:38
FNH:36
FNDA:42,initGame
FNDA:56,resetGame
FNDA:12,takeMarketCard
FNDA:2,tameMarketCard
FNDA:1,tameFromHand
FNDA:1,sellCard
FNDA:5,pass
FNDA:0,endPhase
FNDA:1,nextRound
FNDA:2,getCurrentPlayer
FNDA:1,getOpponent
FNDA:1,getValidActions
FNDA:2,canTameCard
FNDA:0,canSellCard
FNDA:2,isMyTurn
FNDA:2,setLoading
FNDA:4,setError
FNDA:1,syncState
FNDA:4,setLocalPlayerIndex
FNDA:4,selectPhase
FNDA:4,selectRound
FNDA:4,selectMarket
FNDA:2,selectPlayer
FNDA:4,selectLocalPlayer
FNDA:4,selectOpponentPlayer
FNDA:4,selectIsGameOver
FNDA:4,selectWinner
FNDA:4,selectEndReason
FNDA:4,selectIsLocalPlayerTurn
FNDA:1,selectDiscardPile
FNDA:1,selectDeckSize
FNDA:1,useGamePhase
FNDA:1,useRound
FNDA:1,useMarket
FNDA:1,useLocalPlayer
FNDA:1,useOpponent
FNDA:1,useIsMyTurn
FNDA:1,useGameOver
DA:1,1
DA:7,1
DA:96,1
DA:97,1
DA:98,1
DA:100,1
DA:103,1
DA:104,69
DA:105,1
DA:107,1
DA:108,0
DA:109,1
DA:111,1
DA:113,1
DA:114,1
DA:115,1
DA:116,1
DA:117,1
DA:120,1
DA:121,42
DA:122,42
DA:123,42
DA:124,42
DA:125,42
DA:126,0
DA:127,0
DA:128,0
DA:129,42
DA:131,1
DA:132,56
DA:133,56
DA:134,56
DA:137,1
DA:138,12
DA:139,12
DA:141,12
DA:142,12
DA:143,12
DA:144,1
DA:145,1
DA:146,1
DA:147,12
DA:149,1
DA:150,2
DA:151,2
DA:153,2
DA:154,2
DA:155,2
DA:156,1
DA:157,1
DA:158,1
DA:159,2
DA:162,1
DA:163,1
DA:164,1
DA:166,1
DA:167,1
DA:168,1
DA:169,0
DA:170,0
DA:171,0
DA:172,1
DA:174,1
DA:175,1
DA:176,1
DA:178,1
DA:179,1
DA:180,1
DA:181,0
DA:182,0
DA:183,0
DA:184,1
DA:186,1
DA:187,5
DA:188,5
DA:190,5
DA:191,5
DA:192,5
DA:193,0
DA:194,0
DA:195,0
DA:196,5
DA:199,1
DA:200,0
DA:201,0
DA:203,0
DA:204,0
DA:205,0
DA:206,0
DA:207,0
DA:208,0
DA:209,0
DA:210,0
DA:211,0
DA:213,1
DA:214,1
DA:215,1
DA:217,1
DA:218,1
DA:219,1
DA:220,0
DA:221,0
DA:222,0
DA:223,1
DA:226,1
DA:227,2
DA:228,2
DA:229,1
DA:230,2
DA:232,1
DA:233,1
DA:234,1
DA:235,1
DA:236,1
DA:237,1
DA:239,1
DA:240,1
DA:241,1
DA:243,1
DA:244,2
DA:245,2
DA:247,1
DA:248,0
DA:249,0
DA:251,1
DA:252,2
DA:253,2
DA:254,2
DA:255,2
DA:258,1
DA:259,2
DA:260,2
DA:262,1
DA:263,4
DA:264,4
DA:266,1
DA:267,1
DA:268,1
DA:269,1
DA:270,1
DA:271,1
DA:273,1
DA:274,4
DA:275,4
DA:276,1
DA:277,1
DA:278,1
DA:279,1
DA:280,1
DA:289,1
DA:290,4
DA:295,1
DA:296,4
DA:301,1
DA:302,4
DA:307,1
DA:308,2
DA:313,1
DA:314,4
DA:319,1
DA:320,4
DA:321,4
DA:322,4
DA:323,4
DA:328,1
DA:329,4
DA:334,1
DA:335,4
DA:340,1
DA:341,4
DA:346,1
DA:347,4
DA:348,4
DA:349,4
DA:354,1
DA:355,1
DA:360,1
DA:361,1
DA:370,1
DA:371,1
DA:372,1
DA:377,1
DA:378,1
DA:379,1
DA:384,1
DA:385,1
DA:386,1
DA:391,1
DA:392,1
DA:393,1
DA:398,1
DA:399,1
DA:400,1
DA:405,1
DA:406,1
DA:407,1
DA:412,1
DA:413,1
DA:414,1
DA:415,1
DA:416,1
DA:417,1
DA:426,1
LF:203
LH:174
BRDA:98,0,0,1
BRDA:103,1,0,69
BRDA:120,2,0,42
BRDA:125,3,0,0
BRDA:131,4,0,56
BRDA:137,5,0,12
BRDA:139,6,0,0
BRDA:143,7,0,1
BRDA:144,8,0,0
BRDA:149,9,0,2
BRDA:151,10,0,0
BRDA:155,11,0,1
BRDA:156,12,0,0
BRDA:162,13,0,1
BRDA:164,14,0,0
BRDA:168,15,0,0
BRDA:174,16,0,1
BRDA:176,17,0,0
BRDA:180,18,0,0
BRDA:186,19,0,5
BRDA:188,20,0,0
BRDA:192,21,0,0
BRDA:213,22,0,1
BRDA:215,23,0,0
BRDA:219,24,0,0
BRDA:226,25,0,2
BRDA:228,26,0,1
BRDA:232,27,0,1
BRDA:234,28,0,0
BRDA:235,29,0,0
BRDA:239,30,0,1
BRDA:243,31,0,2
BRDA:251,32,0,2
BRDA:253,33,0,0
BRDA:258,34,0,2
BRDA:262,35,0,4
BRDA:266,36,0,1
BRDA:273,37,0,4
BRDA:289,38,0,4
BRDA:290,39,0,0
BRDA:295,40,0,4
BRDA:296,41,0,0
BRDA:301,42,0,4
BRDA:302,43,0,0
BRDA:307,44,0,2
BRDA:308,45,0,0
BRDA:313,46,0,4
BRDA:314,47,0,0
BRDA:319,48,0,4
BRDA:320,49,0,0
BRDA:321,50,0,0
BRDA:328,51,0,4
BRDA:329,52,0,0
BRDA:334,53,0,4
BRDA:340,54,0,4
BRDA:346,55,0,4
BRDA:347,56,0,0
BRDA:354,57,0,1
BRDA:355,58,0,0
BRDA:360,59,0,1
BRDA:361,60,0,0
BRDA:370,61,0,1
BRDA:377,62,0,1
BRDA:384,63,0,1
BRDA:391,64,0,1
BRDA:398,65,0,1
BRDA:405,66,0,1
BRDA:412,67,0,1
BRF:68
BRH:41
end_of_record
TN:
SF:src\stores\useLobbyStore.ts
FN:1,(empty-report)
FNF:1
FNH:0
FNDA:0,(empty-report)
DA:1,0
DA:5,0
DA:35,0
DA:36,0
DA:37,0
DA:38,0
DA:39,0
DA:40,0
DA:41,0
DA:42,0
DA:44,0
DA:45,0
DA:46,0
DA:47,0
DA:49,0
DA:51,0
DA:52,0
DA:53,0
DA:54,0
DA:56,0
DA:57,0
DA:58,0
DA:59,0
DA:60,0
DA:61,0
DA:62,0
DA:63,0
DA:65,0
DA:66,0
DA:67,0
DA:68,0
DA:69,0
DA:71,0
DA:73,0
DA:75,0
DA:77,0
DA:79,0
DA:81,0
DA:82,0
DA:83,0
DA:84,0
DA:85,0
DA:87,0
LF:43
LH:0
BRDA:1,0,0,0
BRF:1
BRH:0
end_of_record
TN:
SF:src\stores\useToastStore.ts
FN:1,(empty-report)
FNF:1
FNH:0
FNDA:0,(empty-report)
DA:1,0
DA:5,0
DA:24,0
DA:25,0
DA:27,0
DA:28,0
DA:29,0
DA:30,0
DA:31,0
DA:32,0
DA:33,0
DA:35,0
DA:36,0
DA:37,0
DA:38,0
DA:40,0
DA:42,0
DA:43,0
DA:44,0
DA:45,0
DA:46,0
DA:48,0
LF:22
LH:0
BRDA:1,0,0,0
BRF:1
BRH:0
end_of_record
TN:
SF:src\types\cards.ts
FNF:0
FNH:0
DA:6,1
DA:15,1
DA:16,1
DA:17,1
DA:18,1
DA:19,1
DA:20,1
DA:26,1
DA:28,1
DA:30,1
DA:32,1
DA:34,1
DA:36,1
DA:38,1
DA:44,1
DA:46,1
DA:48,1
DA:50,1
DA:52,1
DA:58,1
DA:59,1
DA:60,1
DA:61,1
DA:62,1
DA:63,1
DA:190,1
DA:191,1
DA:192,1
DA:193,1
DA:194,1
DA:195,1
DA:196,1
DA:197,1
DA:198,1
DA:199,1
DA:200,1
DA:201,1
DA:202,1
DA:203,1
DA:204,1
DA:205,1
DA:206,1
DA:207,1
DA:208,1
DA:209,1
DA:210,1
DA:211,1
DA:212,1
DA:213,1
DA:214,1
DA:215,1
DA:216,1
DA:217,1
DA:218,1
DA:219,1
DA:220,1
DA:221,1
DA:222,1
DA:223,1
DA:224,1
DA:225,1
DA:226,1
DA:231,1
DA:232,1
DA:233,1
DA:234,1
DA:235,1
DA:236,1
DA:237,1
DA:242,1
DA:243,1
DA:244,1
DA:245,1
DA:246,1
DA:247,1
DA:248,1
LF:76
LH:76
BRDA:15,0,0,5
BRDA:26,1,0,5
BRDA:44,2,0,5
BRDA:58,3,0,5
BRF:4
BRH:4
end_of_record
TN:
SF:src\types\game.ts
FN:1,(empty-report)
FNF:1
FNH:1
FNDA:1,(empty-report)
DA:5,0
DA:13,0
DA:14,0
DA:15,0
DA:16,0
DA:17,0
DA:18,0
DA:19,0
DA:25,0
DA:26,0
DA:27,0
DA:28,0
DA:29,0
DA:69,0
DA:70,0
DA:71,0
DA:72,0
DA:73,0
DA:74,0
DA:75,0
DA:76,0
DA:77,0
DA:78,0
DA:79,0
LF:24
LH:0
BRDA:1,0,0,1
BRF:1
BRH:1
end_of_record
TN:
SF:src\types\index.ts
FN:1,(empty-report)
FNF:1
FNH:1
FNDA:1,(empty-report)
DA:5,0
DA:7,0
DA:8,0
DA:9,0
LF:4
LH:0
BRDA:1,0,0,1
BRF:1
BRH:1
end_of_record
TN:
SF:src\types\player.ts
FN:1,(empty-report)
FNF:1
FNH:1
FNDA:1,(empty-report)
DA:5,0
DA:12,0
DA:13,0
DA:14,0
DA:15,0
DA:16,0
DA:17,0
DA:84,0
DA:85,0
DA:86,0
DA:87,0
DA:88,0
DA:89,0
DA:90,0
DA:91,0
LF:15
LH:0
BRDA:1,0,0,1
BRF:1
BRH:1
end_of_record
